-
-
-
-
-
-
-
-
-
-
-
-
-
-
-
-
-
-
-
-DATE: 05/13/2020                                     CHAPMAN'S PAINT ESTIMATOR                                              PAGE:  1
0ESTIMATE                       WALL       DOOR      TOTAL      GALLONS      PRICE/           PAINT            LABOR            TOTAL
  NUMBER     ESTIMATE DATE     SQ/FT      SQ/FT      SQ/FT       NEEDED      GALLON        ESTIMATE         ESTIMATE         ESTIMATE

   BVYF       12/01/2019           0         0           0          .00         .00      $      .00       $      .00      $       .00
   ZIAZ       12/02/2019           1         1           0          .00        1.00      $      .00       $      .00      $       .00
   ALPO       12/03/2019           3         2           1          .01        1.00      $      .01       $      .71      $       .72
   LNOQ       12/04/2019           6         5           1          .01        4.00      $      .04       $      .71      $       .75
   MKPO       12/05/2019           9         8           1          .01        7.00      $      .07       $      .71      $       .78
   POAM       12/06/2019          12        11           1          .01       10.00      $      .10       $      .71      $       .81
   UIPO       12/07/2019           1         1           0          .00        1.00      $      .00       $      .00      $       .00
   ALPO       12/08/2019           3         2           1          .01        1.00      $      .01       $      .71      $       .72
   LNOQ       12/09/2019           6         5           1          .01        4.00      $      .04       $      .71      $       .75
   MKPO       12/10/2019           9         7           2          .02        9.00      $      .18       $     1.41      $      1.59
   POAM       12/11/2019          12        11           1          .01       10.00      $      .10       $      .71      $       .81
   PQZY       12/12/2019           1         1           0          .00        1.00      $      .00       $      .00      $       .00
   LOLO       12/13/2019       9,999       999       9,000        78.26       99.99      $ 7,825.22       $ 5,529.07      $ 13,354.29
   ASQB       12/14/2019           9         1           8          .07        5.00      $      .35       $     4.95      $      5.30
   AMOP       12/15/2019          14        12           2          .02       10.00      $      .20       $     1.41      $      1.61
   YFBV       12/16/2019           0         0           0          .00         .00      $      .00       $      .00      $       .00
   IIZA       12/17/2019           1         1           0          .00        1.00      $      .00       $      .00      $       .00
   QLPO       12/18/2019           3         2           1          .01        1.00      $      .01       $      .71      $       .72
   NNOQ       12/19/2019           6         5           1          .01        4.00      $      .04       $      .71      $       .75
   MTPO       12/20/2019           9         7           2          .02        8.00      $      .16       $     1.41      $      1.57
   PAMO       12/21/2019           3         2           1          .01        1.00      $      .01       $      .71      $       .72
   POUI       12/22/2019           1         1           0          .00        1.00      $      .00       $      .00      $       .00
   ALPO       12/23/2019           3         2           1          .01        1.00      $      .01       $      .71      $       .72
   LNOQ       12/24/2019           6         5           1          .01        4.00      $      .04       $      .71      $       .75
   MKPO       12/25/2019           9         7           2          .02        9.00      $      .18       $     1.41      $      1.59
   OAMP       12/26/2019          12        11           1          .01       10.00      $      .10       $      .71      $       .81
   ASDF       12/27/2019           1         1           0          .00        1.00      $      .00       $      .00      $       .00
   ZXCV       12/28/2019       9,999       999       9,000        78.26       99.99      $ 7,825.22       $ 5,529.07      $ 13,354.29
   MLPQ       12/29/2019           9         1           8          .07        5.00      $      .35       $     4.95      $      5.30
   UIOP       12/30/2019           1         1           0          .00        1.00      $      .00       $      .00      $       .00
-GRAND TOTALS:                     TOTAL ESTIMATES:  30          156.87                  $15,652.44       $11,082.91       $26,735.35