



























































DATE: 03/27/2020                                     CHAPMAN'S WAKEBOARD REPORT                                             PAGE:  1

                  UPC                      BOARD NAME             BOARD SIZE RANGE     BOARD NUMBER     BOARD PRICE                 

                  11/OOP-PAA-NBA1          SHANE HYBRID             111 - 117 CM             1              $529.99                 

                  QW/12E-EDD-FFQ2          WATSON HYBRID            118 - 123 CM             2              $469.99                 

                  12/3EE-RRD-DSQ3          PEAK HYBRID              124 - 133 CM             3                $8.99                 

                  76/543-QQA-11A4          FLX                      134 - 141 CM             4              $649.99                 

                  98/765-432-1QA5          SLAB                     142 - 146 CM             5              $579.99                 

                  11/OOP-PAA-NBA6          DELUXE HYBRID            111 - 117 CM             6              $499.00                 

                  11/OOP-PAA-NBA7          B.O.B. GRIND             111 - 117 CM             7              $549.99                 

                  QW/12E-EDD-FFQ8          SUPER TRIP               118 - 123 CM             8              $499.50                 

                  12/3EE-RRD-DSQ9          TEX                      124 - 133 CM             9              $429.99                 

                  76/543-QQA-1A1C          WITNESS                  134 - 141 CM            10              $299.99                 

                  98/765-321-QA1C          S4                       142 - 146 CM            11              $349.99                 

                  19/OOP-PAN-BA1M          NEMESIS                  111 - 117 CM            12              $299.99                 

                  QW/12E-EDD-FF1J          NEMESIS GRIND            118 - 123 CM            13              $279.99                 

                  QW/12E-EDD-FF15          WING                     118 - 123 CM            14              $549.99                 

                  12/3EE-RRD-DS12          ANGEL                    124 - 133 CM            15              $339.99                 

                  76/543-QQA-A11W          MELISSA GRIND            134 - 141 CM            16              $499.00                 

                  98/765-432-1Q16          STAR                     142 - 146 CM            17              $278.99                 

                  QW/12E-EDD-FF13          JETT GRIND               111 - 117 CM            18              $349.99                 

                  QA/12E-EDD-FF13          SHANE HYBRID             118 - 123 CM             1              $529.99                 

                  QW/12E-DD4-FF13          WATSON HYBRID            124 - 133 CM             2              $469.99                 

                  QW/12E-2D4-FF13          PEAK HYBRID              124 - 133 CM             3                $8.99                 

                  QW/12E-DD4-HF13          FLX                      134 - 141 CM             4              $649.99                 

                  QW/12E-DD4-HF13          SLAB                     142 - 146 CM             5              $579.99                 

                  AA/AQQ-QQQ-111S          DELUXE HYBRID            111 - 117 CM             6              $499.00                 

                  A2/AQQ-QQQ-111S          B.O.B. GRIND             118 - 123 CM             7              $549.99                 

                  A2/AQQ-QQQ-111S          SUPER TRIP               124 - 133 CM             8              $499.50                 

                  A2/AQQ-11Q-1A1S          TEX                      134 - 141 CM             9              $429.99                 



DATE: 03/27/2020                                     CHAPMAN'S WAKEBOARD REPORT                                             PAGE:  2

                  UPC                      BOARD NAME             BOARD SIZE RANGE     BOARD NUMBER     BOARD PRICE                 

                  A2/AQQ-1AQ-1A1S          WITNESS                  134 - 141 CM            10              $299.99                 

                  12/AQQ-1AQ-1A1S          S4                       142 - 146 CM            11              $349.99                 

                  22/334-5AA-AAAA          NEMESIS                  111 - 117 CM            12              $299.99                 

                  22/334-5AA-AAAA          NEMESIS GRIND            118 - 123 CM            13              $279.99                 

                  AA/AA1-177-AAHH          WING                     124 - 133 CM            14              $549.99                 

                  AZ/AA1-177-AAHH          ANGEL                    134 - 141 CM            15              $339.99                 

                  AZ/ZA1-177-AAHH          MELISSA GRIND            142 - 146 CM            16              $499.00                 

                  AZ/ZA1-177-AAHH          STAR                     142 - 146 CM            17              $278.99                 

                  AZ/ZA1-177-AAHH          JETT GRIND               134 - 141 CM            18              $349.99                 


                                                                                       TOTAL SALES:      $14,930.70                 




































DATE: 03/27/2020                                      CHAPMAN'S SUMMARY REPORT                                              PAGE:  3


                                   BOARD NUMBER             BOARD NAME               TOTAL SALES                                    
                                                                                                                                    
                                         1                  SHANE HYBRID               $1,059.98                                    
                                         2                  WATSON HYBRID                $939.98                                    
                                         3                  PEAK HYBRID                   $17.98                                    
                                         4                  FLX                        $1,299.98                                    
                                         5                  SLAB                       $1,159.98                                    
                                         6                  DELUXE HYBRID                $998.00                                    
                                         7                  B.O.B. GRIND               $1,099.98                                    
                                         8                  SUPER TRIP                   $999.00                                    
                                         9                  TEX                          $859.98                                    
                                        10                  WITNESS                      $599.98                                    
                                        11                  S4                           $699.98                                    
                                        12                  NEMESIS                      $599.98                                    
                                        13                  NEMESIS GRIND                $559.98                                    
                                        14                  WING                       $1,099.98                                    
                                        15                  ANGEL                        $679.98                                    
                                        16                  MELISSA GRIND                $998.00                                    
                                        17                  STAR                         $557.98                                    
                                        18                  JETT GRIND                   $699.98                                    


                                   BOARD SIZE RANGE         NUMBER OF BOARDS SOLD                                                   
                                                                                                                                    
                                     111 - 117 CM                     7                                                             
                                     118 - 123 CM                     7                                                             
                                     124 - 133 CM                     7                                                             
                                     134 - 141 CM                     8                                                             
                                     142 - 146 CM                     7                                                             