



























































DATE: 04/22/2020                                    JUST FITS FURNITURE EMPORIUM                                            PAGE:  1
                                                       CHAPMAN'S SALES REPORT                                                       

SALESPERSON                   MONDAY     TUESDAY     WEDNESDAY   THURSDAY    FRIDAY      SATURDAY    SUNDAY         WEEKLY TOTAL    
                                                                                                                                    
PENELOPE ALEXANDER WILSON    99999.99      334.45     1334.45       26.05       26.05       26.05       26.05       $101,773.09     
ALEX WILSON JOHNSON              1.00        1.00        1.00       11.00       11.00       11.00       11.00            $47.00     
FELIX MICHEAL BART           12345.67    12345.67    12345.67    12345.67    12345.67    12345.67    12345.67        $86,419.69     
LUCAS LEWIS LANSON           98765.43       65.43       65.43       54.32       65.43       65.43       65.43        $99,146.90     
NATE NATHAN ALEXANDER           20.25         .00       10.00         .00         .00       50.50         .00            $80.75     
NICK NIKE NICHOLAS              51.01       51.01       51.01       51.01       51.01       51.01       51.01           $357.07     
JAKE JOHN JOHNSON              151.01      151.01      151.01      151.01      151.01      151.01      151.01         $1,057.07     
TESSA JESSIE JACKSON              .00       80.75         .00       80.75       80.75         .00       80.75           $323.00     
MARIE MAY ALICE                120.39      120.39      120.39      120.39      120.39      120.39      120.39           $842.73     
CORTNEY BASKET CAROL          2340.89     2340.89     2340.89     2340.89     2340.89     2340.89     2340.89        $16,386.23     
CAROL JACKSON ANIE             966.77      966.77      966.77      966.77      966.77      966.77      966.77         $6,767.39     
PETER JACK ANDERSON             78.56       78.56       78.56       78.56       78.56       78.56       78.56           $549.92     
PETE PETER PETERSON             88.90       88.90       88.90       88.90     8088.90       88.90      888.90         $9,422.30     
HEATHER VAN VANDERSON           99.99       99.99    90099.99     9999.99      999.99      999.99      999.99       $103,299.93     

DAILY TOTALS                215029.86    16724.82   107654.07    26315.31    25326.42    17296.17    18126.42                       







































DATE: 04/22/2020                                    JUST FITS FURNITURE EMPORIUM                                            PAGE:  2
                                                      CHAPMAN'S SUMMARY REPORT                                                      

                                             FURNITURE NAME                WEEKLY SALES                                             
                                                                                                                                    
                                             SOFAS/LOVESEATS                $116,117.15                                             
                                             CHAIRS                          $16,460.86                                             
                                             COFFEE/END TABLES               $24,232.92                                             
                                             DINING ROOM TABLES              $14,024.93                                             
                                             DINING ROOM CHAIRS              $16,925.29                                             
                                             HUTCHES/CURIO CABINETS          $16,217.13                                             
                                             LAMPS                           $16,256.77                                             
                                             MATRESS/BOX SPRING             $192,604.64                                             
                                             BEDROOM FURNITURE               $13,633.38                                             